<?xml version="1.0" encoding="UTF-8"?>
<!-- Generated by org.testng.reporters.JUnitXMLReporter -->
<testsuite ignored="0" hostname="Amz-Lap-005" failures="1" tests="1" name="Test" time="30.124" errors="0" timestamp="2020-11-24T19:22:18 IST">
  <testcase classname="com.dca.testcases.LoginPageTest" name="loginTest" time="8.172">
    <failure type="java.lang.AssertionError" message="expected [PROJEC] but found [PROJECT]">
      <![CDATA[java.lang.AssertionError: expected [PROJEC] but found [PROJECT]
at com.dca.pages.LoginPage.login(LoginPage.java:45)
at com.dca.testcases.LoginPageTest.loginTest(LoginPageTest.java:18)
at java.base/java.util.ArrayList.forEach(ArrayList.java:1511)
... Removed 32 stack frames]]>
    </failure>
  </testcase> <!-- loginTest -->
</testsuite> <!-- Test -->
